ARM GAS  /tmp/ccI7jH1y.s 			page 1


   1              		.cpu cortex-m4
   2              		.eabi_attribute 27, 1
   3              		.eabi_attribute 28, 1
   4              		.eabi_attribute 20, 1
   5              		.eabi_attribute 21, 1
   6              		.eabi_attribute 23, 3
   7              		.eabi_attribute 24, 1
   8              		.eabi_attribute 25, 1
   9              		.eabi_attribute 26, 1
  10              		.eabi_attribute 30, 1
  11              		.eabi_attribute 34, 1
  12              		.eabi_attribute 18, 4
  13              		.file	"gpio.c"
  14              		.text
  15              	.Ltext0:
  16              		.cfi_sections	.debug_frame
  17              		.section	.text.MX_GPIO_Init,"ax",%progbits
  18              		.align	1
  19              		.global	MX_GPIO_Init
  20              		.arch armv7e-m
  21              		.syntax unified
  22              		.thumb
  23              		.thumb_func
  24              		.fpu fpv4-sp-d16
  26              	MX_GPIO_Init:
  27              	.LFB133:
  28              		.file 1 "Core/Src/periphs/gpio.c"
   1:Core/Src/periphs/gpio.c **** /**
   2:Core/Src/periphs/gpio.c ****   ******************************************************************************
   3:Core/Src/periphs/gpio.c ****   * File Name          : gpio.c
   4:Core/Src/periphs/gpio.c ****   * Description        : This file provides code for the configuration
   5:Core/Src/periphs/gpio.c ****   *                      of all used GPIO pins.
   6:Core/Src/periphs/gpio.c ****   ******************************************************************************
   7:Core/Src/periphs/gpio.c ****   * @attention
   8:Core/Src/periphs/gpio.c ****   *
   9:Core/Src/periphs/gpio.c ****   * <h2><center>&copy; Copyright (c) 2020 STMicroelectronics.
  10:Core/Src/periphs/gpio.c ****   * All rights reserved.</center></h2>
  11:Core/Src/periphs/gpio.c ****   *
  12:Core/Src/periphs/gpio.c ****   * This software component is licensed by ST under Ultimate Liberty license
  13:Core/Src/periphs/gpio.c ****   * SLA0044, the "License"; You may not use this file except in compliance with
  14:Core/Src/periphs/gpio.c ****   * the License. You may obtain a copy of the License at:
  15:Core/Src/periphs/gpio.c ****   *                             www.st.com/SLA0044
  16:Core/Src/periphs/gpio.c ****   *
  17:Core/Src/periphs/gpio.c ****   ******************************************************************************
  18:Core/Src/periphs/gpio.c ****   */
  19:Core/Src/periphs/gpio.c **** 
  20:Core/Src/periphs/gpio.c **** /* Includes ------------------------------------------------------------------*/
  21:Core/Src/periphs/gpio.c **** #include "gpio.h"
  22:Core/Src/periphs/gpio.c **** /* USER CODE BEGIN 0 */
  23:Core/Src/periphs/gpio.c **** 
  24:Core/Src/periphs/gpio.c **** /* USER CODE END 0 */
  25:Core/Src/periphs/gpio.c **** 
  26:Core/Src/periphs/gpio.c **** /*----------------------------------------------------------------------------*/
  27:Core/Src/periphs/gpio.c **** /* Configure GPIO                                                             */
  28:Core/Src/periphs/gpio.c **** /*----------------------------------------------------------------------------*/
  29:Core/Src/periphs/gpio.c **** /* USER CODE BEGIN 1 */
  30:Core/Src/periphs/gpio.c **** 
ARM GAS  /tmp/ccI7jH1y.s 			page 2


  31:Core/Src/periphs/gpio.c **** /* USER CODE END 1 */
  32:Core/Src/periphs/gpio.c **** 
  33:Core/Src/periphs/gpio.c **** /** Configure pins as 
  34:Core/Src/periphs/gpio.c ****         * Analog 
  35:Core/Src/periphs/gpio.c ****         * Input 
  36:Core/Src/periphs/gpio.c ****         * Output
  37:Core/Src/periphs/gpio.c ****         * EVENT_OUT
  38:Core/Src/periphs/gpio.c ****         * EXTI
  39:Core/Src/periphs/gpio.c **** */
  40:Core/Src/periphs/gpio.c **** void MX_GPIO_Init(void)
  41:Core/Src/periphs/gpio.c **** {
  29              		.loc 1 41 1 view -0
  30              		.cfi_startproc
  31              		@ args = 0, pretend = 0, frame = 48
  32              		@ frame_needed = 0, uses_anonymous_args = 0
  33 0000 2DE9F047 		push	{r4, r5, r6, r7, r8, r9, r10, lr}
  34              	.LCFI0:
  35              		.cfi_def_cfa_offset 32
  36              		.cfi_offset 4, -32
  37              		.cfi_offset 5, -28
  38              		.cfi_offset 6, -24
  39              		.cfi_offset 7, -20
  40              		.cfi_offset 8, -16
  41              		.cfi_offset 9, -12
  42              		.cfi_offset 10, -8
  43              		.cfi_offset 14, -4
  44 0004 8CB0     		sub	sp, sp, #48
  45              	.LCFI1:
  46              		.cfi_def_cfa_offset 80
  42:Core/Src/periphs/gpio.c **** 
  43:Core/Src/periphs/gpio.c ****   GPIO_InitTypeDef GPIO_InitStruct = {0};
  47              		.loc 1 43 3 view .LVU1
  48              		.loc 1 43 20 is_stmt 0 view .LVU2
  49 0006 0024     		movs	r4, #0
  50 0008 0794     		str	r4, [sp, #28]
  51 000a 0894     		str	r4, [sp, #32]
  52 000c 0994     		str	r4, [sp, #36]
  53 000e 0A94     		str	r4, [sp, #40]
  54 0010 0B94     		str	r4, [sp, #44]
  44:Core/Src/periphs/gpio.c **** 
  45:Core/Src/periphs/gpio.c ****   /* GPIO Ports Clock Enable */
  46:Core/Src/periphs/gpio.c ****   __HAL_RCC_GPIOE_CLK_ENABLE();
  55              		.loc 1 46 3 is_stmt 1 view .LVU3
  56              	.LBB2:
  57              		.loc 1 46 3 view .LVU4
  58 0012 0194     		str	r4, [sp, #4]
  59              		.loc 1 46 3 view .LVU5
  60 0014 4E4B     		ldr	r3, .L3
  61 0016 1A6B     		ldr	r2, [r3, #48]
  62 0018 42F01002 		orr	r2, r2, #16
  63 001c 1A63     		str	r2, [r3, #48]
  64              		.loc 1 46 3 view .LVU6
  65 001e 1A6B     		ldr	r2, [r3, #48]
  66 0020 02F01002 		and	r2, r2, #16
  67 0024 0192     		str	r2, [sp, #4]
  68              		.loc 1 46 3 view .LVU7
  69 0026 019A     		ldr	r2, [sp, #4]
ARM GAS  /tmp/ccI7jH1y.s 			page 3


  70              	.LBE2:
  71              		.loc 1 46 3 view .LVU8
  47:Core/Src/periphs/gpio.c ****   __HAL_RCC_GPIOC_CLK_ENABLE();
  72              		.loc 1 47 3 view .LVU9
  73              	.LBB3:
  74              		.loc 1 47 3 view .LVU10
  75 0028 0294     		str	r4, [sp, #8]
  76              		.loc 1 47 3 view .LVU11
  77 002a 1A6B     		ldr	r2, [r3, #48]
  78 002c 42F00402 		orr	r2, r2, #4
  79 0030 1A63     		str	r2, [r3, #48]
  80              		.loc 1 47 3 view .LVU12
  81 0032 1A6B     		ldr	r2, [r3, #48]
  82 0034 02F00402 		and	r2, r2, #4
  83 0038 0292     		str	r2, [sp, #8]
  84              		.loc 1 47 3 view .LVU13
  85 003a 029A     		ldr	r2, [sp, #8]
  86              	.LBE3:
  87              		.loc 1 47 3 view .LVU14
  48:Core/Src/periphs/gpio.c ****   __HAL_RCC_GPIOH_CLK_ENABLE();
  88              		.loc 1 48 3 view .LVU15
  89              	.LBB4:
  90              		.loc 1 48 3 view .LVU16
  91 003c 0394     		str	r4, [sp, #12]
  92              		.loc 1 48 3 view .LVU17
  93 003e 1A6B     		ldr	r2, [r3, #48]
  94 0040 42F08002 		orr	r2, r2, #128
  95 0044 1A63     		str	r2, [r3, #48]
  96              		.loc 1 48 3 view .LVU18
  97 0046 1A6B     		ldr	r2, [r3, #48]
  98 0048 02F08002 		and	r2, r2, #128
  99 004c 0392     		str	r2, [sp, #12]
 100              		.loc 1 48 3 view .LVU19
 101 004e 039A     		ldr	r2, [sp, #12]
 102              	.LBE4:
 103              		.loc 1 48 3 view .LVU20
  49:Core/Src/periphs/gpio.c ****   __HAL_RCC_GPIOA_CLK_ENABLE();
 104              		.loc 1 49 3 view .LVU21
 105              	.LBB5:
 106              		.loc 1 49 3 view .LVU22
 107 0050 0494     		str	r4, [sp, #16]
 108              		.loc 1 49 3 view .LVU23
 109 0052 1A6B     		ldr	r2, [r3, #48]
 110 0054 42F00102 		orr	r2, r2, #1
 111 0058 1A63     		str	r2, [r3, #48]
 112              		.loc 1 49 3 view .LVU24
 113 005a 1A6B     		ldr	r2, [r3, #48]
 114 005c 02F00102 		and	r2, r2, #1
 115 0060 0492     		str	r2, [sp, #16]
 116              		.loc 1 49 3 view .LVU25
 117 0062 049A     		ldr	r2, [sp, #16]
 118              	.LBE5:
 119              		.loc 1 49 3 view .LVU26
  50:Core/Src/periphs/gpio.c ****   __HAL_RCC_GPIOB_CLK_ENABLE();
 120              		.loc 1 50 3 view .LVU27
 121              	.LBB6:
 122              		.loc 1 50 3 view .LVU28
ARM GAS  /tmp/ccI7jH1y.s 			page 4


 123 0064 0594     		str	r4, [sp, #20]
 124              		.loc 1 50 3 view .LVU29
 125 0066 1A6B     		ldr	r2, [r3, #48]
 126 0068 42F00202 		orr	r2, r2, #2
 127 006c 1A63     		str	r2, [r3, #48]
 128              		.loc 1 50 3 view .LVU30
 129 006e 1A6B     		ldr	r2, [r3, #48]
 130 0070 02F00202 		and	r2, r2, #2
 131 0074 0592     		str	r2, [sp, #20]
 132              		.loc 1 50 3 view .LVU31
 133 0076 059A     		ldr	r2, [sp, #20]
 134              	.LBE6:
 135              		.loc 1 50 3 view .LVU32
  51:Core/Src/periphs/gpio.c ****   __HAL_RCC_GPIOD_CLK_ENABLE();
 136              		.loc 1 51 3 view .LVU33
 137              	.LBB7:
 138              		.loc 1 51 3 view .LVU34
 139 0078 0694     		str	r4, [sp, #24]
 140              		.loc 1 51 3 view .LVU35
 141 007a 1A6B     		ldr	r2, [r3, #48]
 142 007c 42F00802 		orr	r2, r2, #8
 143 0080 1A63     		str	r2, [r3, #48]
 144              		.loc 1 51 3 view .LVU36
 145 0082 1B6B     		ldr	r3, [r3, #48]
 146 0084 03F00803 		and	r3, r3, #8
 147 0088 0693     		str	r3, [sp, #24]
 148              		.loc 1 51 3 view .LVU37
 149 008a 069B     		ldr	r3, [sp, #24]
 150              	.LBE7:
 151              		.loc 1 51 3 view .LVU38
  52:Core/Src/periphs/gpio.c **** 
  53:Core/Src/periphs/gpio.c ****   /*Configure GPIO pin Output Level */
  54:Core/Src/periphs/gpio.c ****   HAL_GPIO_WritePin(GPIOE, GPIO_PIN_3|GPIO_PIN_5|GPIO_PIN_13|GPIO_PIN_15 
 152              		.loc 1 54 3 view .LVU39
 153 008c DFF8CCA0 		ldr	r10, .L3+12
 154 0090 2246     		mov	r2, r4
 155 0092 4AF22A01 		movw	r1, #41002
 156 0096 5046     		mov	r0, r10
 157 0098 FFF7FEFF 		bl	HAL_GPIO_WritePin
 158              	.LVL0:
  55:Core/Src/periphs/gpio.c ****                           |GPIO_PIN_1, GPIO_PIN_RESET);
  56:Core/Src/periphs/gpio.c **** 
  57:Core/Src/periphs/gpio.c ****   /*Configure GPIO pin Output Level */
  58:Core/Src/periphs/gpio.c ****   HAL_GPIO_WritePin(GPIOC, GPIO_PIN_13|GPIO_PIN_1|GPIO_PIN_2|GPIO_PIN_3, GPIO_PIN_RESET);
 159              		.loc 1 58 3 view .LVU40
 160 009c 2D4E     		ldr	r6, .L3+4
 161 009e 2246     		mov	r2, r4
 162 00a0 42F20E01 		movw	r1, #8206
 163 00a4 3046     		mov	r0, r6
 164 00a6 FFF7FEFF 		bl	HAL_GPIO_WritePin
 165              	.LVL1:
  59:Core/Src/periphs/gpio.c **** 
  60:Core/Src/periphs/gpio.c ****   /*Configure GPIO pin Output Level */
  61:Core/Src/periphs/gpio.c ****   HAL_GPIO_WritePin(GPIOA, GPIO_PIN_2|GPIO_PIN_10, GPIO_PIN_RESET);
 166              		.loc 1 61 3 view .LVU41
 167 00aa DFF8B490 		ldr	r9, .L3+16
 168 00ae 2246     		mov	r2, r4
ARM GAS  /tmp/ccI7jH1y.s 			page 5


 169 00b0 40F20441 		movw	r1, #1028
 170 00b4 4846     		mov	r0, r9
 171 00b6 FFF7FEFF 		bl	HAL_GPIO_WritePin
 172              	.LVL2:
  62:Core/Src/periphs/gpio.c **** 
  63:Core/Src/periphs/gpio.c ****   /*Configure GPIO pin Output Level */
  64:Core/Src/periphs/gpio.c ****   HAL_GPIO_WritePin(GPIOB, GPIO_PIN_11|GPIO_PIN_5, GPIO_PIN_RESET);
 173              		.loc 1 64 3 view .LVU42
 174 00ba DFF8A880 		ldr	r8, .L3+20
 175 00be 2246     		mov	r2, r4
 176 00c0 4FF40261 		mov	r1, #2080
 177 00c4 4046     		mov	r0, r8
 178 00c6 FFF7FEFF 		bl	HAL_GPIO_WritePin
 179              	.LVL3:
  65:Core/Src/periphs/gpio.c **** 
  66:Core/Src/periphs/gpio.c ****   /*Configure GPIO pin Output Level */
  67:Core/Src/periphs/gpio.c ****   HAL_GPIO_WritePin(GPIOD, GPIO_PIN_0|GPIO_PIN_2, GPIO_PIN_RESET);
 180              		.loc 1 67 3 view .LVU43
 181 00ca 234F     		ldr	r7, .L3+8
 182 00cc 2246     		mov	r2, r4
 183 00ce 0521     		movs	r1, #5
 184 00d0 3846     		mov	r0, r7
 185 00d2 FFF7FEFF 		bl	HAL_GPIO_WritePin
 186              	.LVL4:
  68:Core/Src/periphs/gpio.c **** 
  69:Core/Src/periphs/gpio.c ****   /*Configure GPIO pins : PE3 PE5 PE13 PE15 
  70:Core/Src/periphs/gpio.c ****                            PE1 */
  71:Core/Src/periphs/gpio.c ****   GPIO_InitStruct.Pin = GPIO_PIN_3|GPIO_PIN_5|GPIO_PIN_13|GPIO_PIN_15 
 187              		.loc 1 71 3 view .LVU44
 188              		.loc 1 71 23 is_stmt 0 view .LVU45
 189 00d6 4AF22A03 		movw	r3, #41002
 190 00da 0793     		str	r3, [sp, #28]
  72:Core/Src/periphs/gpio.c ****                           |GPIO_PIN_1;
  73:Core/Src/periphs/gpio.c ****   GPIO_InitStruct.Mode = GPIO_MODE_OUTPUT_PP;
 191              		.loc 1 73 3 is_stmt 1 view .LVU46
 192              		.loc 1 73 24 is_stmt 0 view .LVU47
 193 00dc 0125     		movs	r5, #1
 194 00de 0895     		str	r5, [sp, #32]
  74:Core/Src/periphs/gpio.c ****   GPIO_InitStruct.Pull = GPIO_PULLUP;
 195              		.loc 1 74 3 is_stmt 1 view .LVU48
 196              		.loc 1 74 24 is_stmt 0 view .LVU49
 197 00e0 0995     		str	r5, [sp, #36]
  75:Core/Src/periphs/gpio.c ****   GPIO_InitStruct.Speed = GPIO_SPEED_FREQ_LOW;
 198              		.loc 1 75 3 is_stmt 1 view .LVU50
 199              		.loc 1 75 25 is_stmt 0 view .LVU51
 200 00e2 0A94     		str	r4, [sp, #40]
  76:Core/Src/periphs/gpio.c ****   HAL_GPIO_Init(GPIOE, &GPIO_InitStruct);
 201              		.loc 1 76 3 is_stmt 1 view .LVU52
 202 00e4 07A9     		add	r1, sp, #28
 203 00e6 5046     		mov	r0, r10
 204 00e8 FFF7FEFF 		bl	HAL_GPIO_Init
 205              	.LVL5:
  77:Core/Src/periphs/gpio.c **** 
  78:Core/Src/periphs/gpio.c ****   /*Configure GPIO pins : PC13 PC1 PC2 PC3 */
  79:Core/Src/periphs/gpio.c ****   GPIO_InitStruct.Pin = GPIO_PIN_13|GPIO_PIN_1|GPIO_PIN_2|GPIO_PIN_3;
 206              		.loc 1 79 3 view .LVU53
 207              		.loc 1 79 23 is_stmt 0 view .LVU54
ARM GAS  /tmp/ccI7jH1y.s 			page 6


 208 00ec 42F20E03 		movw	r3, #8206
 209 00f0 0793     		str	r3, [sp, #28]
  80:Core/Src/periphs/gpio.c ****   GPIO_InitStruct.Mode = GPIO_MODE_OUTPUT_PP;
 210              		.loc 1 80 3 is_stmt 1 view .LVU55
 211              		.loc 1 80 24 is_stmt 0 view .LVU56
 212 00f2 0895     		str	r5, [sp, #32]
  81:Core/Src/periphs/gpio.c ****   GPIO_InitStruct.Pull = GPIO_PULLUP;
 213              		.loc 1 81 3 is_stmt 1 view .LVU57
 214              		.loc 1 81 24 is_stmt 0 view .LVU58
 215 00f4 0995     		str	r5, [sp, #36]
  82:Core/Src/periphs/gpio.c ****   GPIO_InitStruct.Speed = GPIO_SPEED_FREQ_LOW;
 216              		.loc 1 82 3 is_stmt 1 view .LVU59
 217              		.loc 1 82 25 is_stmt 0 view .LVU60
 218 00f6 0A94     		str	r4, [sp, #40]
  83:Core/Src/periphs/gpio.c ****   HAL_GPIO_Init(GPIOC, &GPIO_InitStruct);
 219              		.loc 1 83 3 is_stmt 1 view .LVU61
 220 00f8 07A9     		add	r1, sp, #28
 221 00fa 3046     		mov	r0, r6
 222 00fc FFF7FEFF 		bl	HAL_GPIO_Init
 223              	.LVL6:
  84:Core/Src/periphs/gpio.c ****   
  85:Core/Src/periphs/gpio.c **** 
  86:Core/Src/periphs/gpio.c ****     /*Configure GPIO pin : PC5 */
  87:Core/Src/periphs/gpio.c ****   GPIO_InitStruct.Pin = GPIO_PIN_4|GPIO_PIN_5;
 224              		.loc 1 87 3 view .LVU62
 225              		.loc 1 87 23 is_stmt 0 view .LVU63
 226 0100 3023     		movs	r3, #48
 227 0102 0793     		str	r3, [sp, #28]
  88:Core/Src/periphs/gpio.c ****   GPIO_InitStruct.Mode = GPIO_MODE_INPUT;
 228              		.loc 1 88 3 is_stmt 1 view .LVU64
 229              		.loc 1 88 24 is_stmt 0 view .LVU65
 230 0104 0894     		str	r4, [sp, #32]
  89:Core/Src/periphs/gpio.c ****   GPIO_InitStruct.Pull = GPIO_NOPULL;
 231              		.loc 1 89 3 is_stmt 1 view .LVU66
 232              		.loc 1 89 24 is_stmt 0 view .LVU67
 233 0106 0994     		str	r4, [sp, #36]
  90:Core/Src/periphs/gpio.c ****   HAL_GPIO_Init(GPIOC, &GPIO_InitStruct);
 234              		.loc 1 90 3 is_stmt 1 view .LVU68
 235 0108 07A9     		add	r1, sp, #28
 236 010a 3046     		mov	r0, r6
 237 010c FFF7FEFF 		bl	HAL_GPIO_Init
 238              	.LVL7:
  91:Core/Src/periphs/gpio.c **** 
  92:Core/Src/periphs/gpio.c **** 
  93:Core/Src/periphs/gpio.c **** 
  94:Core/Src/periphs/gpio.c **** 
  95:Core/Src/periphs/gpio.c ****   /*Configure GPIO pins : PA2 PA10 */
  96:Core/Src/periphs/gpio.c ****   GPIO_InitStruct.Pin = GPIO_PIN_2|GPIO_PIN_10;
 239              		.loc 1 96 3 view .LVU69
 240              		.loc 1 96 23 is_stmt 0 view .LVU70
 241 0110 40F20443 		movw	r3, #1028
 242 0114 0793     		str	r3, [sp, #28]
  97:Core/Src/periphs/gpio.c ****   GPIO_InitStruct.Mode = GPIO_MODE_OUTPUT_PP;
 243              		.loc 1 97 3 is_stmt 1 view .LVU71
 244              		.loc 1 97 24 is_stmt 0 view .LVU72
 245 0116 0895     		str	r5, [sp, #32]
  98:Core/Src/periphs/gpio.c ****   GPIO_InitStruct.Pull = GPIO_PULLUP;
ARM GAS  /tmp/ccI7jH1y.s 			page 7


 246              		.loc 1 98 3 is_stmt 1 view .LVU73
 247              		.loc 1 98 24 is_stmt 0 view .LVU74
 248 0118 0995     		str	r5, [sp, #36]
  99:Core/Src/periphs/gpio.c ****   GPIO_InitStruct.Speed = GPIO_SPEED_FREQ_LOW;
 249              		.loc 1 99 3 is_stmt 1 view .LVU75
 250              		.loc 1 99 25 is_stmt 0 view .LVU76
 251 011a 0A94     		str	r4, [sp, #40]
 100:Core/Src/periphs/gpio.c ****   HAL_GPIO_Init(GPIOA, &GPIO_InitStruct);
 252              		.loc 1 100 3 is_stmt 1 view .LVU77
 253 011c 07A9     		add	r1, sp, #28
 254 011e 4846     		mov	r0, r9
 255 0120 FFF7FEFF 		bl	HAL_GPIO_Init
 256              	.LVL8:
 101:Core/Src/periphs/gpio.c **** 
 102:Core/Src/periphs/gpio.c ****   /*Configure GPIO pins : PB11 PB5 */
 103:Core/Src/periphs/gpio.c ****   GPIO_InitStruct.Pin = GPIO_PIN_11|GPIO_PIN_5;
 257              		.loc 1 103 3 view .LVU78
 258              		.loc 1 103 23 is_stmt 0 view .LVU79
 259 0124 4FF40263 		mov	r3, #2080
 260 0128 0793     		str	r3, [sp, #28]
 104:Core/Src/periphs/gpio.c ****   GPIO_InitStruct.Mode = GPIO_MODE_OUTPUT_PP;
 261              		.loc 1 104 3 is_stmt 1 view .LVU80
 262              		.loc 1 104 24 is_stmt 0 view .LVU81
 263 012a 0895     		str	r5, [sp, #32]
 105:Core/Src/periphs/gpio.c ****   GPIO_InitStruct.Pull = GPIO_PULLUP;
 264              		.loc 1 105 3 is_stmt 1 view .LVU82
 265              		.loc 1 105 24 is_stmt 0 view .LVU83
 266 012c 0995     		str	r5, [sp, #36]
 106:Core/Src/periphs/gpio.c ****   GPIO_InitStruct.Speed = GPIO_SPEED_FREQ_LOW;
 267              		.loc 1 106 3 is_stmt 1 view .LVU84
 268              		.loc 1 106 25 is_stmt 0 view .LVU85
 269 012e 0A94     		str	r4, [sp, #40]
 107:Core/Src/periphs/gpio.c ****   HAL_GPIO_Init(GPIOB, &GPIO_InitStruct);
 270              		.loc 1 107 3 is_stmt 1 view .LVU86
 271 0130 07A9     		add	r1, sp, #28
 272 0132 4046     		mov	r0, r8
 273 0134 FFF7FEFF 		bl	HAL_GPIO_Init
 274              	.LVL9:
 108:Core/Src/periphs/gpio.c **** 
 109:Core/Src/periphs/gpio.c ****   /*Configure GPIO pins : PD0 PD2 */
 110:Core/Src/periphs/gpio.c ****   GPIO_InitStruct.Pin = GPIO_PIN_0|GPIO_PIN_2;
 275              		.loc 1 110 3 view .LVU87
 276              		.loc 1 110 23 is_stmt 0 view .LVU88
 277 0138 0523     		movs	r3, #5
 278 013a 0793     		str	r3, [sp, #28]
 111:Core/Src/periphs/gpio.c ****   GPIO_InitStruct.Mode = GPIO_MODE_OUTPUT_PP;
 279              		.loc 1 111 3 is_stmt 1 view .LVU89
 280              		.loc 1 111 24 is_stmt 0 view .LVU90
 281 013c 0895     		str	r5, [sp, #32]
 112:Core/Src/periphs/gpio.c ****   GPIO_InitStruct.Pull = GPIO_PULLUP;
 282              		.loc 1 112 3 is_stmt 1 view .LVU91
 283              		.loc 1 112 24 is_stmt 0 view .LVU92
 284 013e 0995     		str	r5, [sp, #36]
 113:Core/Src/periphs/gpio.c ****   GPIO_InitStruct.Speed = GPIO_SPEED_FREQ_LOW;
 285              		.loc 1 113 3 is_stmt 1 view .LVU93
 286              		.loc 1 113 25 is_stmt 0 view .LVU94
 287 0140 0A94     		str	r4, [sp, #40]
ARM GAS  /tmp/ccI7jH1y.s 			page 8


 114:Core/Src/periphs/gpio.c ****   HAL_GPIO_Init(GPIOD, &GPIO_InitStruct);
 288              		.loc 1 114 3 is_stmt 1 view .LVU95
 289 0142 07A9     		add	r1, sp, #28
 290 0144 3846     		mov	r0, r7
 291 0146 FFF7FEFF 		bl	HAL_GPIO_Init
 292              	.LVL10:
 115:Core/Src/periphs/gpio.c **** 
 116:Core/Src/periphs/gpio.c **** }
 293              		.loc 1 116 1 is_stmt 0 view .LVU96
 294 014a 0CB0     		add	sp, sp, #48
 295              	.LCFI2:
 296              		.cfi_def_cfa_offset 32
 297              		@ sp needed
 298 014c BDE8F087 		pop	{r4, r5, r6, r7, r8, r9, r10, pc}
 299              	.L4:
 300              		.align	2
 301              	.L3:
 302 0150 00380240 		.word	1073887232
 303 0154 00080240 		.word	1073874944
 304 0158 000C0240 		.word	1073875968
 305 015c 00100240 		.word	1073876992
 306 0160 00000240 		.word	1073872896
 307 0164 00040240 		.word	1073873920
 308              		.cfi_endproc
 309              	.LFE133:
 311              		.text
 312              	.Letext0:
 313              		.file 2 "/home/love/Documents/gcc-arm-none-eabi-10-2020-q4-major/arm-none-eabi/include/machine/_de
 314              		.file 3 "/home/love/Documents/gcc-arm-none-eabi-10-2020-q4-major/arm-none-eabi/include/sys/_stdint
 315              		.file 4 "Drivers/CMSIS/Device/ST/STM32F4xx/Include/stm32f407xx.h"
 316              		.file 5 "Drivers/STM32F4xx_HAL_Driver/Inc/stm32f4xx_hal_gpio.h"
ARM GAS  /tmp/ccI7jH1y.s 			page 9


DEFINED SYMBOLS
                            *ABS*:0000000000000000 gpio.c
     /tmp/ccI7jH1y.s:18     .text.MX_GPIO_Init:0000000000000000 $t
     /tmp/ccI7jH1y.s:26     .text.MX_GPIO_Init:0000000000000000 MX_GPIO_Init
     /tmp/ccI7jH1y.s:302    .text.MX_GPIO_Init:0000000000000150 $d

UNDEFINED SYMBOLS
HAL_GPIO_WritePin
HAL_GPIO_Init
