ARM GAS  /tmp/ccgrKDqg.s 			page 1


   1              		.cpu cortex-m4
   2              		.eabi_attribute 27, 1
   3              		.eabi_attribute 28, 1
   4              		.eabi_attribute 20, 1
   5              		.eabi_attribute 21, 1
   6              		.eabi_attribute 23, 3
   7              		.eabi_attribute 24, 1
   8              		.eabi_attribute 25, 1
   9              		.eabi_attribute 26, 1
  10              		.eabi_attribute 30, 1
  11              		.eabi_attribute 34, 1
  12              		.eabi_attribute 18, 4
  13              		.file	"joystick.cpp"
  14              		.text
  15              	.Ltext0:
  16              		.cfi_sections	.debug_frame
  17              		.section	.text._ZN8JoyStick8initStepEv,"ax",%progbits
  18              		.align	1
  19              		.global	_ZN8JoyStick8initStepEv
  20              		.arch armv7e-m
  21              		.syntax unified
  22              		.thumb
  23              		.thumb_func
  24              		.fpu fpv4-sp-d16
  26              	_ZN8JoyStick8initStepEv:
  27              	.LVL0:
  28              	.LFB542:
  29              		.file 1 "Core/Src/devs/joystick.cpp"
   1:Core/Src/devs/joystick.cpp **** #include "joystick.h"
   2:Core/Src/devs/joystick.cpp **** extern UART_HandleTypeDef huart4;
   3:Core/Src/devs/joystick.cpp **** void JoyStick::initStep()
   4:Core/Src/devs/joystick.cpp **** {
  30              		.loc 1 4 1 view -0
  31              		.cfi_startproc
  32              		@ args = 0, pretend = 0, frame = 0
  33              		@ frame_needed = 0, uses_anonymous_args = 0
  34              		@ link register save eliminated.
   5:Core/Src/devs/joystick.cpp ****   joy_.axes={};
  35              		.loc 1 5 3 view .LVU1
  36              		.loc 1 5 12 is_stmt 0 view .LVU2
  37 0000 0023     		movs	r3, #0
  38 0002 0362     		str	r3, [r0, #32]
   6:Core/Src/devs/joystick.cpp ****   joy_.buttons={};
  39              		.loc 1 6 3 is_stmt 1 view .LVU3
  40              		.loc 1 6 15 is_stmt 0 view .LVU4
  41 0004 C362     		str	r3, [r0, #44]
   7:Core/Src/devs/joystick.cpp ****   joy_data_->button1=0;
  42              		.loc 1 7 3 is_stmt 1 view .LVU5
  43 0006 026B     		ldr	r2, [r0, #48]
  44              		.loc 1 7 21 is_stmt 0 view .LVU6
  45 0008 1370     		strb	r3, [r2]
   8:Core/Src/devs/joystick.cpp **** }
  46              		.loc 1 8 1 view .LVU7
  47 000a 7047     		bx	lr
  48              		.cfi_endproc
  49              	.LFE542:
  51              		.section	.rodata._ZN8JoyStick12transmitDataEv.str1.4,"aMS",%progbits,1
ARM GAS  /tmp/ccgrKDqg.s 			page 2


  52              		.align	2
  53              	.LC0:
  54 0000 256C7509 		.ascii	"%lu\011\000"
  54      00
  55              		.section	.text._ZN8JoyStick12transmitDataEv,"ax",%progbits
  56              		.align	1
  57              		.global	_ZN8JoyStick12transmitDataEv
  58              		.syntax unified
  59              		.thumb
  60              		.thumb_func
  61              		.fpu fpv4-sp-d16
  63              	_ZN8JoyStick12transmitDataEv:
  64              	.LVL1:
  65              	.LFB543:
   9:Core/Src/devs/joystick.cpp **** void JoyStick::transmitData()
  10:Core/Src/devs/joystick.cpp **** {     for(int i=0;i<9;i++)
  66              		.loc 1 10 1 is_stmt 1 view -0
  67              		.cfi_startproc
  68              		@ args = 0, pretend = 0, frame = 0
  69              		@ frame_needed = 0, uses_anonymous_args = 0
  70              		.loc 1 10 1 is_stmt 0 view .LVU9
  71 0000 38B5     		push	{r3, r4, r5, lr}
  72              	.LCFI0:
  73              		.cfi_def_cfa_offset 16
  74              		.cfi_offset 3, -16
  75              		.cfi_offset 4, -12
  76              		.cfi_offset 5, -8
  77              		.cfi_offset 14, -4
  78 0002 0546     		mov	r5, r0
  79              		.loc 1 10 7 is_stmt 1 view .LVU10
  80              	.LVL2:
  81              	.LBB2:
  82              		.loc 1 10 15 is_stmt 0 view .LVU11
  83 0004 0023     		movs	r3, #0
  84 0006 00E0     		b	.L5
  85              	.LVL3:
  86              	.L4:
  87              		.loc 1 10 7 is_stmt 1 discriminator 2 view .LVU12
  88 0008 0133     		adds	r3, r3, #1
  89              	.LVL4:
  90              	.L5:
  91              		.loc 1 10 20 discriminator 1 view .LVU13
  92 000a 082B     		cmp	r3, #8
  93 000c 09DC     		bgt	.L3
  11:Core/Src/devs/joystick.cpp ****     {
  12:Core/Src/devs/joystick.cpp ****       if(joy_.buttons[i]>0)
  94              		.loc 1 12 7 view .LVU14
  95              		.loc 1 12 15 is_stmt 0 view .LVU15
  96 000e EA6A     		ldr	r2, [r5, #44]
  97              		.loc 1 12 24 view .LVU16
  98 0010 52F82320 		ldr	r2, [r2, r3, lsl #2]
  99              		.loc 1 12 7 view .LVU17
 100 0014 002A     		cmp	r2, #0
 101 0016 F7DD     		ble	.L4
  13:Core/Src/devs/joystick.cpp ****       {
  14:Core/Src/devs/joystick.cpp ****         joy_data_->button1=(1<<i);
 102              		.loc 1 14 9 is_stmt 1 view .LVU18
ARM GAS  /tmp/ccgrKDqg.s 			page 3


 103              		.loc 1 14 30 is_stmt 0 view .LVU19
 104 0018 0122     		movs	r2, #1
 105 001a 9A40     		lsls	r2, r2, r3
 106              		.loc 1 14 9 view .LVU20
 107 001c 296B     		ldr	r1, [r5, #48]
 108              		.loc 1 14 27 view .LVU21
 109 001e 0A70     		strb	r2, [r1]
 110 0020 F2E7     		b	.L4
 111              	.L3:
 112              		.loc 1 14 27 view .LVU22
 113              	.LBE2:
  15:Core/Src/devs/joystick.cpp ****       }
  16:Core/Src/devs/joystick.cpp ****     }
  17:Core/Src/devs/joystick.cpp ****       if(joy_.axes[6]>0)
 114              		.loc 1 17 7 is_stmt 1 view .LVU23
 115              		.loc 1 17 15 is_stmt 0 view .LVU24
 116 0022 2B6A     		ldr	r3, [r5, #32]
 117              	.LVL5:
 118              		.loc 1 17 21 view .LVU25
 119 0024 D3ED067A 		vldr.32	s15, [r3, #24]
 120              		.loc 1 17 7 view .LVU26
 121 0028 F5EEC07A 		vcmpe.f32	s15, #0
 122 002c F1EE10FA 		vmrs	APSR_nzcv, FPSCR
 123 0030 12DD     		ble	.L20
  18:Core/Src/devs/joystick.cpp ****          joy_data_->button1=50;
 124              		.loc 1 18 10 is_stmt 1 view .LVU27
 125 0032 2B6B     		ldr	r3, [r5, #48]
 126              		.loc 1 18 28 is_stmt 0 view .LVU28
 127 0034 3222     		movs	r2, #50
 128 0036 1A70     		strb	r2, [r3]
 129              	.L8:
  19:Core/Src/devs/joystick.cpp ****       else if(joy_.axes[6]<0)
  20:Core/Src/devs/joystick.cpp ****         joy_data_->button1=100;  
  21:Core/Src/devs/joystick.cpp ****       else if(joy_.axes[7]>0)
  22:Core/Src/devs/joystick.cpp ****         joy_data_->button1=150;
  23:Core/Src/devs/joystick.cpp ****        else if(joy_.axes[7]<0)
  24:Core/Src/devs/joystick.cpp ****         joy_data_->button1=200;
  25:Core/Src/devs/joystick.cpp ****      HAL_UART_Transmit_DMA(&huart4,(uint8_t *)&joy_data_->button1,1);
 130              		.loc 1 25 6 is_stmt 1 view .LVU29
 131              		.loc 1 25 27 is_stmt 0 view .LVU30
 132 0038 0122     		movs	r2, #1
 133 003a 296B     		ldr	r1, [r5, #48]
 134 003c 1748     		ldr	r0, .L25
 135              	.LVL6:
 136              		.loc 1 25 27 view .LVU31
 137 003e FFF7FEFF 		bl	HAL_UART_Transmit_DMA
 138              	.LVL7:
  26:Core/Src/devs/joystick.cpp ****      for(int i=0;i<8;i++)
 139              		.loc 1 26 6 is_stmt 1 view .LVU32
 140              	.LBB3:
 141              		.loc 1 26 14 is_stmt 0 view .LVU33
 142 0042 0024     		movs	r4, #0
 143              	.LVL8:
 144              	.L15:
 145              		.loc 1 26 19 is_stmt 1 discriminator 3 view .LVU34
 146 0044 072C     		cmp	r4, #7
 147 0046 24DC     		bgt	.L14
ARM GAS  /tmp/ccgrKDqg.s 			page 4


  27:Core/Src/devs/joystick.cpp ****    printf("%lu\t",joy_.buttons[i]);
 148              		.loc 1 27 4 discriminator 2 view .LVU35
 149              		.loc 1 27 24 is_stmt 0 discriminator 2 view .LVU36
 150 0048 EB6A     		ldr	r3, [r5, #44]
 151              		.loc 1 27 10 discriminator 2 view .LVU37
 152 004a 53F82410 		ldr	r1, [r3, r4, lsl #2]
 153 004e 1448     		ldr	r0, .L25+4
 154 0050 FFF7FEFF 		bl	printf
 155              	.LVL9:
  26:Core/Src/devs/joystick.cpp ****      for(int i=0;i<8;i++)
 156              		.loc 1 26 6 is_stmt 1 discriminator 2 view .LVU38
 157 0054 0134     		adds	r4, r4, #1
 158              	.LVL10:
  26:Core/Src/devs/joystick.cpp ****      for(int i=0;i<8;i++)
 159              		.loc 1 26 6 is_stmt 0 discriminator 2 view .LVU39
 160 0056 F5E7     		b	.L15
 161              	.LVL11:
 162              	.L20:
  26:Core/Src/devs/joystick.cpp ****      for(int i=0;i<8;i++)
 163              		.loc 1 26 6 discriminator 2 view .LVU40
 164              	.LBE3:
  19:Core/Src/devs/joystick.cpp ****       else if(joy_.axes[6]<0)
 165              		.loc 1 19 12 is_stmt 1 view .LVU41
 166 0058 F5EEC07A 		vcmpe.f32	s15, #0
 167 005c F1EE10FA 		vmrs	APSR_nzcv, FPSCR
 168 0060 0AD4     		bmi	.L24
  21:Core/Src/devs/joystick.cpp ****         joy_data_->button1=150;
 169              		.loc 1 21 12 view .LVU42
  21:Core/Src/devs/joystick.cpp ****         joy_data_->button1=150;
 170              		.loc 1 21 26 is_stmt 0 view .LVU43
 171 0062 D3ED077A 		vldr.32	s15, [r3, #28]
  21:Core/Src/devs/joystick.cpp ****         joy_data_->button1=150;
 172              		.loc 1 21 12 view .LVU44
 173 0066 F5EEC07A 		vcmpe.f32	s15, #0
 174 006a F1EE10FA 		vmrs	APSR_nzcv, FPSCR
 175 006e 07DD     		ble	.L22
  22:Core/Src/devs/joystick.cpp ****        else if(joy_.axes[7]<0)
 176              		.loc 1 22 9 is_stmt 1 view .LVU45
 177 0070 2B6B     		ldr	r3, [r5, #48]
  22:Core/Src/devs/joystick.cpp ****        else if(joy_.axes[7]<0)
 178              		.loc 1 22 27 is_stmt 0 view .LVU46
 179 0072 9622     		movs	r2, #150
 180 0074 1A70     		strb	r2, [r3]
 181 0076 DFE7     		b	.L8
 182              	.L24:
  20:Core/Src/devs/joystick.cpp ****       else if(joy_.axes[7]>0)
 183              		.loc 1 20 9 is_stmt 1 view .LVU47
 184 0078 2B6B     		ldr	r3, [r5, #48]
  20:Core/Src/devs/joystick.cpp ****       else if(joy_.axes[7]>0)
 185              		.loc 1 20 27 is_stmt 0 view .LVU48
 186 007a 6422     		movs	r2, #100
 187 007c 1A70     		strb	r2, [r3]
 188 007e DBE7     		b	.L8
 189              	.L22:
  23:Core/Src/devs/joystick.cpp ****         joy_data_->button1=200;
 190              		.loc 1 23 13 is_stmt 1 view .LVU49
 191 0080 F5EEC07A 		vcmpe.f32	s15, #0
ARM GAS  /tmp/ccgrKDqg.s 			page 5


 192 0084 F1EE10FA 		vmrs	APSR_nzcv, FPSCR
 193 0088 D6D5     		bpl	.L8
  24:Core/Src/devs/joystick.cpp ****      HAL_UART_Transmit_DMA(&huart4,(uint8_t *)&joy_data_->button1,1);
 194              		.loc 1 24 9 view .LVU50
 195 008a 2B6B     		ldr	r3, [r5, #48]
  24:Core/Src/devs/joystick.cpp ****      HAL_UART_Transmit_DMA(&huart4,(uint8_t *)&joy_data_->button1,1);
 196              		.loc 1 24 27 is_stmt 0 view .LVU51
 197 008c C822     		movs	r2, #200
 198 008e 1A70     		strb	r2, [r3]
 199 0090 D2E7     		b	.L8
 200              	.LVL12:
 201              	.L14:
  28:Core/Src/devs/joystick.cpp ****   printf("\n");
 202              		.loc 1 28 3 is_stmt 1 view .LVU52
 203              		.loc 1 28 9 is_stmt 0 view .LVU53
 204 0092 0A20     		movs	r0, #10
 205 0094 FFF7FEFF 		bl	putchar
 206              	.LVL13:
  29:Core/Src/devs/joystick.cpp **** }...
 207              		.loc 1 29 1 view .LVU54
 208 0098 38BD     		pop	{r3, r4, r5, pc}
 209              	.LVL14:
 210              	.L26:
 211              		.loc 1 29 1 view .LVU55
 212 009a 00BF     		.align	2
 213              	.L25:
 214 009c 00000000 		.word	huart4
 215 00a0 00000000 		.word	.LC0
 216              		.cfi_endproc
 217              	.LFE543:
 219              		.text
 220              	.Letext0:
 221              		.file 2 "/home/love/Documents/gcc-arm-none-eabi-10-2020-q4-major/arm-none-eabi/include/machine/_de
 222              		.file 3 "/home/love/Documents/gcc-arm-none-eabi-10-2020-q4-major/arm-none-eabi/include/sys/_stdint
 223              		.file 4 "/home/love/Documents/gcc-arm-none-eabi-10-2020-q4-major/lib/gcc/arm-none-eabi/10.2.1/incl
 224              		.file 5 "/home/love/Documents/gcc-arm-none-eabi-10-2020-q4-major/arm-none-eabi/include/c++/10.2.1/
 225              		.file 6 "/home/love/Documents/gcc-arm-none-eabi-10-2020-q4-major/arm-none-eabi/include/c++/10.2.1/
 226              		.file 7 "/home/love/Documents/gcc-arm-none-eabi-10-2020-q4-major/arm-none-eabi/include/c++/10.2.1/
 227              		.file 8 "/home/love/Documents/gcc-arm-none-eabi-10-2020-q4-major/arm-none-eabi/include/c++/10.2.1/
 228              		.file 9 "/home/love/Documents/gcc-arm-none-eabi-10-2020-q4-major/arm-none-eabi/include/c++/10.2.1/
 229              		.file 10 "/home/love/Documents/gcc-arm-none-eabi-10-2020-q4-major/arm-none-eabi/include/stdlib.h"
 230              		.file 11 "/home/love/Documents/gcc-arm-none-eabi-10-2020-q4-major/arm-none-eabi/include/c++/10.2.1
 231              		.file 12 "/home/love/Documents/gcc-arm-none-eabi-10-2020-q4-major/arm-none-eabi/include/string.h"
 232              		.file 13 "/home/love/Documents/gcc-arm-none-eabi-10-2020-q4-major/arm-none-eabi/include/math.h"
 233              		.file 14 "/home/love/Documents/gcc-arm-none-eabi-10-2020-q4-major/arm-none-eabi/include/c++/10.2.1
 234              		.file 15 "Core/Inc/ros/ros/duration.h"
 235              		.file 16 "Core/Inc/ros/ros/time.h"
 236              		.file 17 "Core/Inc/ros/ros/msg.h"
 237              		.file 18 "Core/Inc/ros/ros/node_handle.h"
 238              		.file 19 "Core/Inc/ros/rosserial_msgs/TopicInfo.h"
 239              		.file 20 "Core/Inc/ros/rosserial_msgs/RequestParam.h"
 240              		.file 21 "Drivers/CMSIS/Device/ST/STM32F4xx/Include/stm32f407xx.h"
 241              		.file 22 "Drivers/STM32F4xx_HAL_Driver/Inc/stm32f4xx_hal_def.h"
 242              		.file 23 "Drivers/STM32F4xx_HAL_Driver/Inc/stm32f4xx_hal_dma.h"
 243              		.file 24 "Drivers/STM32F4xx_HAL_Driver/Inc/stm32f4xx_hal_uart.h"
 244              		.file 25 "Core/Inc/devs/joystick.h"
 245              		.file 26 "Core/Inc/ros/sensor_msgs/Joy.h"
ARM GAS  /tmp/ccgrKDqg.s 			page 6


 246              		.file 27 "Core/Inc/ros/std_msgs/Time.h"
 247              		.file 28 "Core/Inc/ros/std_msgs/Header.h"
 248              		.file 29 "/home/love/Documents/gcc-arm-none-eabi-10-2020-q4-major/arm-none-eabi/include/stdio.h"
 249              		.file 30 "<built-in>"
 250              		.file 31 "Core/Inc/ros/actuators/motor_driver_param.h"
ARM GAS  /tmp/ccgrKDqg.s 			page 7


DEFINED SYMBOLS
                            *ABS*:0000000000000000 joystick.cpp
     /tmp/ccgrKDqg.s:18     .text._ZN8JoyStick8initStepEv:0000000000000000 $t
     /tmp/ccgrKDqg.s:26     .text._ZN8JoyStick8initStepEv:0000000000000000 _ZN8JoyStick8initStepEv
     /tmp/ccgrKDqg.s:52     .rodata._ZN8JoyStick12transmitDataEv.str1.4:0000000000000000 $d
     /tmp/ccgrKDqg.s:56     .text._ZN8JoyStick12transmitDataEv:0000000000000000 $t
     /tmp/ccgrKDqg.s:63     .text._ZN8JoyStick12transmitDataEv:0000000000000000 _ZN8JoyStick12transmitDataEv
     /tmp/ccgrKDqg.s:214    .text._ZN8JoyStick12transmitDataEv:000000000000009c $d

UNDEFINED SYMBOLS
HAL_UART_Transmit_DMA
printf
putchar
huart4
